<?xml version="1.0"?><coverage lines-covered="542" lines-valid="565" line-rate="0.95929203539823" branches-covered="0" branches-valid="0" branch-rate="0" complexity="0" version="1.9" timestamp="1776892131"><sources><source>/home/chukwuemekadr/Documents/Drips/Wave4/Callora-Contracts</source></sources><packages><package name="contracts/vault/src" line-rate="0.9658119658119658" branch-rate="0" complexity="0"><classes><class name="lib" filename="contracts/vault/src/lib.rs" line-rate="0.9646017699115044" branch-rate="0" complexity="0"><methods/><lines><line number="48" hits="4"/><line number="58" hits="3"/><line number="59" hits="4"/><line number="60" hits="4"/><line number="61" hits="2"/><line number="63" hits="1"/><line number="67" hits="4"/><line number="68" hits="1"/><line number="73" hits="8"/><line number="74" hits="4"/><line number="75" hits="8"/><line number="76" hits="5"/><line number="77" hits="8"/><line number="78" hits="5"/><line number="79" hits="6"/><line number="80" hits="4"/><line number="81" hits="1"/><line number="83" hits="1"/><line number="89" hits="3"/><line number="94" hits="3"/><line number="95" hits="2"/><line number="96" hits="1"/><line number="97" hits="1"/><line number="98" hits="1"/><line number="100" hits="2"/><line number="101" hits="2"/><line number="102" hits="2"/><line number="103" hits="2"/><line number="106" hits="1"/><line number="107" hits="2"/><line number="108" hits="2"/><line number="109" hits="1"/><line number="111" hits="1"/><line number="114" hits="2"/><line number="115" hits="2"/><line number="116" hits="1"/><line number="119" hits="1"/><line number="120" hits="1"/><line number="122" hits="1"/><line number="126" hits="2"/><line number="127" hits="1"/><line number="128" hits="1"/><line number="129" hits="2"/><line number="130" hits="2"/><line number="132" hits="1"/><line number="134" hits="0"/><line number="135" hits="1"/><line number="136" hits="1"/><line number="139" hits="2"/><line number="140" hits="1"/><line number="143" hits="1"/><line number="145" hits="1"/><line number="146" hits="1"/><line number="147" hits="2"/><line number="148" hits="1"/><line number="149" hits="1"/><line number="150" hits="1"/><line number="153" hits="1"/><line number="154" hits="2"/><line number="155" hits="3"/><line number="158" hits="2"/><line number="159" hits="1"/><line number="160" hits="3"/><line number="161" hits="4"/><line number="162" hits="2"/><line number="164" hits="2"/><line number="165" hits="2"/><line number="170" hits="2"/><line number="172" hits="2"/><line number="173" hits="4"/><line number="174" hits="2"/><line number="175" hits="2"/><line number="177" hits="2"/><line number="178" hits="2"/><line number="179" hits="2"/><line number="182" hits="1"/><line number="183" hits="1"/><line number="185" hits="1"/><line number="186" hits="3"/><line number="189" hits="2"/><line number="190" hits="1"/><line number="191" hits="1"/><line number="192" hits="1"/><line number="193" hits="1"/><line number="194" hits="1"/><line number="197" hits="2"/><line number="198" hits="2"/><line number="199" hits="1"/><line number="200" hits="1"/><line number="202" hits="0"/><line number="203" hits="1"/><line number="205" hits="1"/><line number="207" hits="0"/><line number="210" hits="1"/><line number="212" hits="0"/><line number="213" hits="1"/><line number="215" hits="0"/><line number="220" hits="2"/><line number="221" hits="1"/><line number="222" hits="1"/><line number="223" hits="1"/><line number="225" hits="0"/><line number="226" hits="2"/><line number="228" hits="0"/><line number="231" hits="1"/><line number="232" hits="2"/><line number="234" hits="2"/><line number="235" hits="2"/><line number="238" hits="1"/><line number="239" hits="2"/><line number="240" hits="1"/><line number="241" hits="1"/><line number="242" hits="1"/><line number="243" hits="2"/><line number="244" hits="2"/><line number="245" hits="1"/><line number="249" hits="2"/><line number="250" hits="1"/><line number="251" hits="1"/><line number="252" hits="3"/><line number="253" hits="2"/><line number="254" hits="1"/><line number="255" hits="1"/><line number="258" hits="2"/><line number="259" hits="1"/><line number="260" hits="1"/><line number="261" hits="2"/><line number="262" hits="2"/><line number="263" hits="1"/><line number="264" hits="1"/><line number="267" hits="1"/><line number="268" hits="1"/><line number="270" hits="1"/><line number="274" hits="1"/><line number="275" hits="2"/><line number="277" hits="1"/><line number="278" hits="1"/><line number="281" hits="2"/><line number="282" hits="1"/><line number="283" hits="1"/><line number="284" hits="2"/><line number="285" hits="3"/><line number="289" hits="2"/><line number="290" hits="1"/><line number="299" hits="1"/><line number="301" hits="1"/><line number="302" hits="2"/><line number="303" hits="1"/><line number="304" hits="3"/><line number="306" hits="2"/><line number="307" hits="1"/><line number="308" hits="1"/><line number="309" hits="3"/><line number="310" hits="2"/><line number="311" hits="2"/><line number="313" hits="2"/><line number="316" hits="2"/><line number="317" hits="1"/><line number="318" hits="1"/><line number="319" hits="2"/><line number="320" hits="2"/><line number="321" hits="2"/><line number="322" hits="2"/><line number="323" hits="1"/><line number="324" hits="2"/><line number="325" hits="1"/><line number="327" hits="3"/><line number="328" hits="3"/><line number="329" hits="2"/><line number="330" hits="4"/><line number="331" hits="2"/><line number="332" hits="2"/><line number="333" hits="2"/><line number="334" hits="2"/><line number="335" hits="1"/><line number="336" hits="2"/><line number="337" hits="2"/><line number="340" hits="1"/><line number="342" hits="2"/><line number="343" hits="4"/><line number="344" hits="4"/><line number="345" hits="2"/><line number="347" hits="2"/><line number="350" hits="2"/><line number="351" hits="1"/><line number="352" hits="1"/><line number="353" hits="2"/><line number="354" hits="3"/><line number="355" hits="2"/><line number="356" hits="1"/><line number="357" hits="1"/><line number="358" hits="2"/><line number="359" hits="1"/><line number="361" hits="3"/><line number="362" hits="1"/><line number="363" hits="1"/><line number="364" hits="3"/><line number="365" hits="3"/><line number="366" hits="3"/><line number="367" hits="3"/><line number="368" hits="3"/><line number="369" hits="2"/><line number="371" hits="1"/><line number="372" hits="1"/><line number="373" hits="1"/><line number="374" hits="2"/><line number="375" hits="2"/><line number="376" hits="1"/><line number="377" hits="2"/><line number="378" hits="2"/><line number="379" hits="1"/><line number="382" hits="1"/><line number="383" hits="1"/><line number="384" hits="2"/><line number="385" hits="1"/><line number="386" hits="1"/><line number="387" hits="1"/><line number="390" hits="1"/><line number="392" hits="1"/><line number="395" hits="1"/><line number="396" hits="1"/><line number="399" hits="2"/><line number="400" hits="2"/><line number="401" hits="1"/><line number="402" hits="1"/><line number="406" hits="1"/><line number="408" hits="0"/><line number="409" hits="2"/><line number="411" hits="1"/><line number="412" hits="1"/><line number="413" hits="1"/><line number="419" hits="2"/><line number="420" hits="1"/><line number="423" hits="1"/><line number="425" hits="1"/><line number="426" hits="1"/><line number="427" hits="2"/><line number="428" hits="1"/><line number="429" hits="2"/><line number="430" hits="1"/><line number="431" hits="2"/><line number="432" hits="2"/><line number="437" hits="1"/><line number="438" hits="2"/><line number="439" hits="1"/><line number="440" hits="2"/><line number="441" hits="3"/><line number="445" hits="1"/><line number="447" hits="1"/><line number="448" hits="2"/><line number="449" hits="1"/><line number="450" hits="1"/><line number="451" hits="2"/><line number="452" hits="2"/><line number="453" hits="1"/><line number="455" hits="2"/><line number="458" hits="2"/><line number="459" hits="2"/><line number="460" hits="1"/><line number="461" hits="2"/><line number="462" hits="3"/><line number="466" hits="1"/><line number="468" hits="1"/><line number="469" hits="2"/><line number="470" hits="1"/><line number="471" hits="1"/><line number="472" hits="2"/><line number="473" hits="2"/><line number="474" hits="1"/><line number="476" hits="1"/><line number="479" hits="2"/><line number="480" hits="1"/><line number="481" hits="1"/><line number="482" hits="2"/><line number="483" hits="2"/><line number="485" hits="1"/><line number="486" hits="1"/><line number="487" hits="1"/><line number="489" hits="0"/><line number="490" hits="1"/><line number="491" hits="1"/><line number="494" hits="1"/><line number="495" hits="1"/><line number="496" hits="1"/><line number="532" hits="1"/><line number="533" hits="4"/><line number="536" hits="2"/><line number="537" hits="1"/><line number="538" hits="1"/><line number="539" hits="2"/><line number="540" hits="2"/><line number="542" hits="1"/><line number="544" hits="0"/><line number="574" hits="1"/><line number="575" hits="1"/><line number="577" hits="2"/><line number="578" hits="3"/><line number="581" hits="2"/><line number="587" hits="1"/><line number="588" hits="1"/><line number="589" hits="1"/><line number="593" hits="2"/><line number="597" hits="1"/><line number="599" hits="0"/><line number="600" hits="2"/><line number="601" hits="2"/><line number="602" hits="1"/><line number="604" hits="1"/><line number="607" hits="1"/><line number="608" hits="1"/><line number="610" hits="1"/><line number="613" hits="2"/><line number="619" hits="1"/><line number="620" hits="1"/><line number="621" hits="1"/><line number="625" hits="2"/><line number="629" hits="1"/><line number="632" hits="3"/><line number="633" hits="2"/><line number="634" hits="1"/><line number="636" hits="0"/><line number="637" hits="2"/><line number="638" hits="2"/><line number="639" hits="1"/><line number="641" hits="1"/><line number="644" hits="1"/><line number="645" hits="1"/><line number="648" hits="1"/><line number="649" hits="2"/><line number="651" hits="1"/><line number="654" hits="1"/><line number="656" hits="2"/><line number="659" hits="1"/><line number="660" hits="2"/><line number="663" hits="1"/><line number="664" hits="1"/><line number="667" hits="1"/><line number="669" hits="1"/><line number="670" hits="1"/></lines></class><class name="test" filename="contracts/vault/src/test.rs" line-rate="1" branch-rate="0" complexity="0"><methods/><lines><line number="12" hits="1"/><line number="16" hits="1"/><line number="17" hits="1"/><line number="18" hits="4"/><line number="19" hits="4"/><line number="20" hits="4"/><line number="23" hits="4"/><line number="24" hits="4"/><line number="25" hits="4"/><line number="26" hits="1"/><line number="30" hits="1"/><line number="35" hits="1"/></lines></class></classes></package><package name="contracts/revenue_pool/src" line-rate="0.9433962264150944" branch-rate="0" complexity="0"><classes><class name="lib" filename="contracts/revenue_pool/src/lib.rs" line-rate="0.9361702127659575" branch-rate="0" complexity="0"><methods/><lines><line number="41" hits="5"/><line number="42" hits="4"/><line number="43" hits="4"/><line number="44" hits="1"/><line number="46" hits="4"/><line number="47" hits="2"/><line number="49" hits="8"/><line number="50" hits="4"/><line number="51" hits="1"/><line number="53" hits="4"/><line number="54" hits="4"/><line number="56" hits="4"/><line number="57" hits="4"/><line number="70" hits="2"/><line number="71" hits="1"/><line number="73" hits="4"/><line number="90" hits="2"/><line number="91" hits="1"/><line number="92" hits="1"/><line number="93" hits="2"/><line number="94" hits="2"/><line number="96" hits="2"/><line number="97" hits="1"/><line number="99" hits="2"/><line number="100" hits="2"/><line number="101" hits="1"/><line number="117" hits="2"/><line number="118" hits="1"/><line number="119" hits="1"/><line number="121" hits="1"/><line number="124" hits="1"/><line number="125" hits="2"/><line number="128" hits="2"/><line number="129" hits="1"/><line number="131" hits="1"/><line number="132" hits="1"/><line number="156" hits="2"/><line number="157" hits="1"/><line number="158" hits="1"/><line number="159" hits="4"/><line number="160" hits="2"/><line number="162" hits="4"/><line number="163" hits="4"/><line number="168" hits="1"/><line number="171" hits="1"/><line number="172" hits="1"/><line number="194" hits="2"/><line number="195" hits="1"/><line number="196" hits="1"/><line number="197" hits="3"/><line number="198" hits="0"/><line number="200" hits="2"/><line number="201" hits="1"/><line number="207" hits="3"/><line number="208" hits="0"/><line number="209" hits="2"/><line number="211" hits="1"/><line number="212" hits="2"/><line number="214" hits="1"/><line number="215" hits="0"/><line number="221" hits="1"/><line number="222" hits="1"/><line number="225" hits="1"/><line number="226" hits="2"/><line number="227" hits="2"/><line number="249" hits="2"/><line number="250" hits="1"/><line number="251" hits="1"/><line number="252" hits="3"/><line number="253" hits="0"/><line number="256" hits="2"/><line number="257" hits="4"/><line number="258" hits="2"/><line number="259" hits="1"/><line number="260" hits="1"/><line number="262" hits="6"/><line number="263" hits="2"/><line number="264" hits="2"/><line number="270" hits="4"/><line number="271" hits="0"/><line number="272" hits="2"/><line number="274" hits="2"/><line number="276" hits="4"/><line number="277" hits="0"/><line number="280" hits="6"/><line number="281" hits="1"/><line number="282" hits="1"/><line number="283" hits="1"/><line number="284" hits="3"/><line number="285" hits="3"/><line number="299" hits="1"/><line number="303" hits="2"/><line number="305" hits="1"/><line number="306" hits="2"/></lines></class><class name="test" filename="contracts/revenue_pool/src/test.rs" line-rate="1" branch-rate="0" complexity="0"><methods/><lines><line number="9" hits="4"/><line number="13" hits="4"/><line number="14" hits="4"/><line number="15" hits="4"/><line number="16" hits="4"/><line number="17" hits="4"/><line number="20" hits="4"/><line number="21" hits="2"/><line number="22" hits="3"/><line number="23" hits="4"/><line number="26" hits="2"/><line number="27" hits="1"/></lines></class></classes></package><package name="contracts/settlement/src" line-rate="0.9537037037037037" branch-rate="0" complexity="0"><classes><class name="lib" filename="contracts/settlement/src/lib.rs" line-rate="0.9537037037037037" branch-rate="0" complexity="0"><methods/><lines><line number="74" hits="5"/><line number="75" hits="8"/><line number="76" hits="4"/><line number="77" hits="1"/><line number="79" hits="4"/><line number="80" hits="4"/><line number="81" hits="4"/><line number="82" hits="8"/><line number="85" hits="4"/><line number="87" hits="4"/><line number="110" hits="4"/><line number="117" hits="2"/><line number="118" hits="2"/><line number="119" hits="2"/><line number="120" hits="2"/><line number="122" hits="4"/><line number="123" hits="2"/><line number="124" hits="2"/><line number="125" hits="3"/><line number="127" hits="1"/><line number="128" hits="1"/><line number="129" hits="1"/><line number="130" hits="1"/><line number="131" hits="2"/><line number="132" hits="2"/><line number="133" hits="1"/><line number="134" hits="1"/><line number="137" hits="1"/><line number="141" hits="1"/><line number="142" hits="4"/><line number="144" hits="2"/><line number="145" hits="0"/><line number="146" hits="1"/><line number="147" hits="2"/><line number="148" hits="1"/><line number="149" hits="1"/><line number="150" hits="1"/><line number="151" hits="1"/><line number="152" hits="2"/><line number="153" hits="2"/><line number="154" hits="1"/><line number="155" hits="1"/><line number="158" hits="2"/><line number="161" hits="2"/><line number="162" hits="3"/><line number="163" hits="1"/><line number="164" hits="1"/><line number="173" hits="1"/><line number="174" hits="1"/><line number="176" hits="2"/><line number="177" hits="3"/><line number="181" hits="2"/><line number="182" hits="2"/><line number="184" hits="4"/><line number="185" hits="4"/><line number="189" hits="1"/><line number="190" hits="1"/><line number="192" hits="2"/><line number="193" hits="3"/><line number="209" hits="2"/><line number="210" hits="3"/><line number="211" hits="1"/><line number="213" hits="1"/><line number="215" hits="1"/><line number="216" hits="0"/><line number="217" hits="1"/><line number="247" hits="1"/><line number="248" hits="4"/><line number="249" hits="1"/><line number="251" hits="1"/><line number="253" hits="1"/><line number="254" hits="0"/><line number="255" hits="1"/><line number="256" hits="3"/><line number="257" hits="2"/><line number="259" hits="1"/><line number="284" hits="2"/><line number="285" hits="1"/><line number="286" hits="1"/><line number="287" hits="2"/><line number="288" hits="2"/><line number="290" hits="1"/><line number="292" hits="0"/><line number="294" hits="2"/><line number="296" hits="1"/><line number="297" hits="1"/><line number="298" hits="1"/><line number="320" hits="2"/><line number="321" hits="2"/><line number="323" hits="1"/><line number="325" hits="1"/><line number="327" hits="1"/><line number="328" hits="4"/><line number="329" hits="2"/><line number="331" hits="2"/><line number="332" hits="2"/><line number="356" hits="2"/><line number="357" hits="1"/><line number="358" hits="1"/><line number="359" hits="2"/><line number="360" hits="2"/><line number="362" hits="1"/><line number="364" hits="0"/><line number="368" hits="2"/><line number="369" hits="4"/><line number="370" hits="4"/><line number="371" hits="6"/><line number="372" hits="3"/></lines></class></classes></package></packages></coverage>